Hmm ... looks like a package
Converting parsed Rd's to LaTeX 
Creating pdf output from LaTeX ...

This is pdfTeX, Version 3.141592653-2.6-1.40.25 (TeX Live 2023) (preloaded format=pdflatex)
 restricted \write18 enabled.
entering extended mode
LaTeX2e <2023-06-01> patch level 1
L3 programming layer <2023-10-10>
(./Rd2.tex
(/Users/codybeck/Library/TinyTeX/texmf-dist/tex/latex/base/book.cls
Document Class: book 2023/05/17 v1.4n Standard LaTeX document class
(/Users/codybeck/Library/TinyTeX/texmf-dist/tex/latex/base/bk10.clo)) (/Library/Frameworks/R.framework/Resources/share/texmf/tex/latex/Rd.sty (/Users/codybeck/Library/TinyTeX/texmf-dist/tex/latex/base/ifthen.sty) (/Users/codybeck/Library/TinyTeX/texmf-dist/tex/latex/tools/longtable.sty) (/Users/codybeck/Library/TinyTeX/texmf-dist/tex/latex/tools/bm.sty) (/Users/codybeck/Library/TinyTeX/texmf-dist/tex/latex/base/alltt.sty) (/Users/codybeck/Library/TinyTeX/texmf-dist/tex/latex/tools/verbatim.sty) (/Users/codybeck/Library/TinyTeX/texmf-dist/tex/latex/url/url.sty) (/Users/codybeck/Library/TinyTeX/texmf-dist/tex/latex/base/textcomp.sty) (/Users/codybeck/Library/TinyTeX/texmf-dist/tex/latex/amsmath/amsmath.sty
For additional information on amsmath, use the `?' option.
(/Users/codybeck/Library/TinyTeX/texmf-dist/tex/latex/amsmath/amstext.sty (/Users/codybeck/Library/TinyTeX/texmf-dist/tex/latex/amsmath/amsgen.sty)) (/Users/codybeck/Library/TinyTeX/texmf-dist/tex/latex/amsmath/amsbsy.sty) (/Users/codybeck/Library/TinyTeX/texmf-dist/tex/latex/amsmath/amsopn.sty)) (/Users/codybeck/Library/TinyTeX/texmf-dist/tex/latex/amsfonts/amsfonts.sty) (/Users/codybeck/Library/TinyTeX/texmf-dist/tex/latex/amsfonts/amssymb.sty) (/Users/codybeck/Library/TinyTeX/texmf-dist/tex/latex/amsfonts/eucal.sty) (/Users/codybeck/Library/TinyTeX/texmf-dist/tex/generic/iftex/iftex.sty) (/Users/codybeck/Library/TinyTeX/texmf-dist/tex/latex/base/fontenc.sty) (/Users/codybeck/Library/TinyTeX/texmf-dist/tex/latex/psnfss/times.sty) (/Users/codybeck/Library/TinyTeX/texmf-dist/tex/latex/inconsolata/zi4.sty `inconsolata-zi4' v1.12, 2019/05/17 Text macros for Inconsolata (msharpe) (/Users/codybeck/Library/TinyTeX/texmf-dist/tex/latex/xkeyval/xkeyval.sty (/Users/codybeck/Library/TinyTeX/texmf-dist/tex/generic/xkeyval/xkeyval.tex (/Users/codybeck/Library/TinyTeX/texmf-dist/tex/generic/xkeyval/xkvutils.tex (/Users/codybeck/Library/TinyTeX/texmf-dist/tex/generic/xkeyval/keyval.tex))))) (/Users/codybeck/Library/TinyTeX/texmf-dist/tex/latex/graphics/color.sty (/Users/codybeck/Library/TinyTeX/texmf-dist/tex/latex/graphics-cfg/color.cfg) (/Users/codybeck/Library/TinyTeX/texmf-dist/tex/latex/graphics-def/pdftex.def) (/Users/codybeck/Library/TinyTeX/texmf-dist/tex/latex/graphics/mathcolor.ltx)) (/Users/codybeck/Library/TinyTeX/texmf-dist/tex/latex/hyperref/hyperref.sty (/Users/codybeck/Library/TinyTeX/texmf-dist/tex/generic/ltxcmds/ltxcmds.sty) (/Users/codybeck/Library/TinyTeX/texmf-dist/tex/generic/pdftexcmds/pdftexcmds.sty (/Users/codybeck/Library/TinyTeX/texmf-dist/tex/generic/infwarerr/infwarerr.sty)) (/Users/codybeck/Library/TinyTeX/texmf-dist/tex/latex/kvsetkeys/kvsetkeys.sty) (/Users/codybeck/Library/TinyTeX/texmf-dist/tex/generic/kvdefinekeys/kvdefinekeys.sty) (/Users/codybeck/Library/TinyTeX/texmf-dist/tex/generic/pdfescape/pdfescape.sty) (/Users/codybeck/Library/TinyTeX/texmf-dist/tex/latex/hycolor/hycolor.sty) (/Users/codybeck/Library/TinyTeX/texmf-dist/tex/latex/letltxmacro/letltxmacro.sty) (/Users/codybeck/Library/TinyTeX/texmf-dist/tex/latex/auxhook/auxhook.sty) (/Users/codybeck/Library/TinyTeX/texmf-dist/tex/latex/hyperref/nameref.sty (/Users/codybeck/Library/TinyTeX/texmf-dist/tex/latex/refcount/refcount.sty) (/Users/codybeck/Library/TinyTeX/texmf-dist/tex/generic/gettitlestring/gettitlestring.sty (/Users/codybeck/Library/TinyTeX/texmf-dist/tex/latex/kvoptions/kvoptions.sty))) (/Users/codybeck/Library/TinyTeX/texmf-dist/tex/latex/etoolbox/etoolbox.sty) (/Users/codybeck/Library/TinyTeX/texmf-dist/tex/latex/hyperref/pd1enc.def) (/Users/codybeck/Library/TinyTeX/texmf-dist/tex/generic/intcalc/intcalc.sty) (/Users/codybeck/Library/TinyTeX/texmf-dist/tex/latex/hyperref/puenc.def) (/Users/codybeck/Library/TinyTeX/texmf-dist/tex/generic/bitset/bitset.sty (/Users/codybeck/Library/TinyTeX/texmf-dist/tex/generic/bigintcalc/bigintcalc.sty)) (/Users/codybeck/Library/TinyTeX/texmf-dist/tex/latex/base/atbegshi-ltx.sty)) (/Users/codybeck/Library/TinyTeX/texmf-dist/tex/latex/hyperref/hpdftex.def (/Users/codybeck/Library/TinyTeX/texmf-dist/tex/latex/base/atveryend-ltx.sty) (/Users/codybeck/Library/TinyTeX/texmf-dist/tex/latex/rerunfilecheck/rerunfilecheck.sty (/Users/codybeck/Library/TinyTeX/texmf-dist/tex/generic/uniquecounter/uniquecounter.sty)))) (/Users/codybeck/Library/TinyTeX/texmf-dist/tex/latex/base/makeidx.sty) (/Users/codybeck/Library/TinyTeX/texmf-dist/tex/latex/base/inputenc.sty)
Writing index file Rd2.idx
(/Users/codybeck/Library/TinyTeX/texmf-dist/tex/latex/psnfss/t1ptm.fd) (/Users/codybeck/Library/TinyTeX/texmf-dist/tex/latex/l3backend/l3backend-pdftex.def) (/private/var/folders/vt/fv_vm42n4k5bk8d4frxj53kw0000gn/T/RtmpJ4w7CB/Rd2pdf59575255d85a/Rd2.aux) (/private/var/folders/vt/fv_vm42n4k5bk8d4frxj53kw0000gn/T/RtmpJ4w7CB/Rd2pdf59575255d85a/Rd2.out) (/private/var/folders/vt/fv_vm42n4k5bk8d4frxj53kw0000gn/T/RtmpJ4w7CB/Rd2pdf59575255d85a/Rd2.out) (/Users/codybeck/Library/TinyTeX/texmf-dist/tex/latex/inconsolata/t1zi4.fd) (/Users/codybeck/Library/TinyTeX/texmf-dist/tex/latex/psnfss/t1phv.fd) (/private/var/folders/vt/fv_vm42n4k5bk8d4frxj53kw0000gn/T/RtmpJ4w7CB/Rd2pdf59575255d85a/Rd2.toc (/Users/codybeck/Library/TinyTeX/texmf-dist/tex/latex/amsfonts/umsa.fd) (/Users/codybeck/Library/TinyTeX/texmf-dist/tex/latex/amsfonts/umsb.fd)) [1{/Users/codybeck/Library/TinyTeX/texmf-var/fonts/map/pdftex/updmap/pdftex.map}{/Users/codybeck/Library/TinyTeX/texmf-dist/fonts/enc/dvips/base/8r.enc}{/Users/codybeck/Library/TinyTeX/texmf-dist/fonts/enc/dvips/inconsolata/i4-t1-0.enc}]
No file Rd2.ind.
[2] (/private/var/folders/vt/fv_vm42n4k5bk8d4frxj53kw0000gn/T/RtmpJ4w7CB/Rd2pdf59575255d85a/Rd2.aux) )</Users/codybeck/Library/TinyTeX/texmf-dist/fonts/type1/public/inconsolata/Inconsolata-zi4r.pfb></Users/codybeck/Library/TinyTeX/texmf-dist/fonts/type1/urw/helvetic/uhvr8a.pfb></Users/codybeck/Library/TinyTeX/texmf-dist/fonts/type1/urw/times/utmb8a.pfb></Users/codybeck/Library/TinyTeX/texmf-dist/fonts/type1/urw/times/utmr8a.pfb></Users/codybeck/Library/TinyTeX/texmf-dist/fonts/type1/urw/times/utmr8a.pfb></Users/codybeck/Library/TinyTeX/texmf-dist/fonts/type1/urw/times/utmri8a.pfb>
Output written on Rd2.pdf (2 pages, 71263 bytes).
Transcript written on Rd2.log.
Saving output to ‘BeckRPackage-manual.pdf’ ...
Done
You may want to clean up by 'rm -Rf /var/folders/vt/fv_vm42n4k5bk8d4frxj53kw0000gn/T//RtmpJ4w7CB/Rd2pdf59575255d85a'
